2025-11-24 09:11:04 - root - INFO - ============================================================
2025-11-24 09:11:04 - root - INFO - Logging initialized
2025-11-24 09:11:04 - root - INFO - Log file: ./logs\20251124_091103\novartis_20251124_091103.log
2025-11-24 09:11:04 - root - INFO - Log level: DEBUG
2025-11-24 09:11:04 - root - INFO - Run timestamp: 20251124_091103
2025-11-24 09:11:04 - root - INFO - ============================================================
2025-11-24 09:11:04 - root - INFO - Starting download process...
2025-11-24 09:11:04 - selenium.webdriver.common.selenium_manager - DEBUG - Selenium Manager binary found at: C:\Users\Mark Castro\AppData\Local\Programs\Python\Python311\Lib\site-packages\selenium\webdriver\common\windows\selenium-manager.exe
2025-11-24 09:11:04 - selenium.webdriver.common.selenium_manager - DEBUG - Executing process: C:\Users\Mark Castro\AppData\Local\Programs\Python\Python311\Lib\site-packages\selenium\webdriver\common\windows\selenium-manager.exe --browser chrome --debug --language-binding python --output json
2025-11-24 09:11:06 - selenium.webdriver.common.selenium_manager - DEBUG - Sending stats to Plausible: Props { browser: "chrome", browser_version: "", os: "windows", arch: "amd64", lang: "python", selenium_version: "4.27" }
2025-11-24 09:11:06 - selenium.webdriver.common.selenium_manager - DEBUG - chromedriver not found in PATH
2025-11-24 09:11:06 - selenium.webdriver.common.selenium_manager - DEBUG - chrome detected at C:\Program Files\Google\Chrome\Application\chrome.exe
2025-11-24 09:11:06 - selenium.webdriver.common.selenium_manager - DEBUG - Running command: wmic datafile where name='C:\\Program Files\\Google\\Chrome\\Application\\chrome.exe' get Version /value
2025-11-24 09:11:06 - selenium.webdriver.common.selenium_manager - DEBUG - Output: "\r\r\n\r\r\nVersion=142.0.7444.176\r\r\n\r\r\n\r\r\n\r"
2025-11-24 09:11:06 - selenium.webdriver.common.selenium_manager - DEBUG - Detected browser: chrome 142.0.7444.176
2025-11-24 09:11:06 - selenium.webdriver.common.selenium_manager - DEBUG - Discovering versions from https://googlechromelabs.github.io/chrome-for-testing/known-good-versions-with-downloads.json
2025-11-24 09:11:06 - selenium.webdriver.common.selenium_manager - DEBUG - Required driver: chromedriver 142.0.7444.175
2025-11-24 09:11:06 - selenium.webdriver.common.selenium_manager - DEBUG - chromedriver 142.0.7444.175 already in the cache
2025-11-24 09:11:06 - selenium.webdriver.common.selenium_manager - DEBUG - Driver path: C:\Users\Mark Castro\.cache\selenium\chromedriver\win64\142.0.7444.175\chromedriver.exe
2025-11-24 09:11:06 - selenium.webdriver.common.selenium_manager - DEBUG - Browser path: C:\Program Files\Google\Chrome\Application\chrome.exe
2025-11-24 09:11:06 - selenium.webdriver.common.service - DEBUG - Started executable: `C:\Users\Mark Castro\.cache\selenium\chromedriver\win64\142.0.7444.175\chromedriver.exe` in a child process with pid: 22232 using 0 to output -3
2025-11-24 09:11:07 - selenium.webdriver.remote.remote_connection - DEBUG - POST http://localhost:56127/session {'capabilities': {'firstMatch': [{}], 'alwaysMatch': {'browserName': 'chrome', 'pageLoadStrategy': <PageLoadStrategy.normal: 'normal'>, 'browserVersion': None, 'goog:chromeOptions': {'prefs': {'download.default_directory': 'C:\\Users\\Mark Castro\\Documents\\CHEF_NOVARTIS\\downloads\\20251124_091103', 'download.prompt_for_download': False, 'download.directory_upgrade': True, 'plugins.always_open_pdf_externally': True, 'plugins.plugins_disabled': ['Chrome PDF Viewer']}, 'extensions': [], 'binary': 'C:\\Program Files\\Google\\Chrome\\Application\\chrome.exe', 'args': ['--no-sandbox', '--disable-dev-shm-usage', '--window-size=1920,1080']}}}}
2025-11-24 09:11:07 - urllib3.connectionpool - DEBUG - Starting new HTTP connection (1): localhost:56127
2025-11-24 09:11:08 - urllib3.connectionpool - DEBUG - http://localhost:56127 "POST /session HTTP/1.1" 200 0
2025-11-24 09:11:08 - selenium.webdriver.remote.remote_connection - DEBUG - Remote response: status=200 | data={"value":{"capabilities":{"acceptInsecureCerts":false,"browserName":"chrome","browserVersion":"142.0.7444.176","chrome":{"chromedriverVersion":"142.0.7444.175 (302067f14a4ea3f42001580e6101fa25ed343445-refs/branch-heads/7444@{#2749})","userDataDir":"C:\\Users\\MARKCA~1\\AppData\\Local\\Temp\\scoped_dir22232_1765447167"},"fedcm:accounts":true,"goog:chromeOptions":{"debuggerAddress":"localhost:56136"},"goog:processID":17044,"networkConnectionEnabled":false,"pageLoadStrategy":"normal","platformName":"windows","proxy":{},"setWindowRect":true,"strictFileInteractability":false,"timeouts":{"implicit":0,"pageLoad":300000,"script":30000},"unhandledPromptBehavior":"dismiss and notify","webauthn:extension:credBlob":true,"webauthn:extension:largeBlob":true,"webauthn:extension:minPinLength":true,"webauthn:extension:prf":true,"webauthn:virtualAuthenticators":true},"sessionId":"c8a698effd2df485d866d6b650dd7c4d"}} | headers=HTTPHeaderDict({'Content-Length': '910', 'Content-Type': 'application/json; charset=utf-8', 'cache-control': 'no-cache'})
2025-11-24 09:11:08 - selenium.webdriver.remote.remote_connection - DEBUG - Finished Request
2025-11-24 09:11:08 - selenium.webdriver.remote.remote_connection - DEBUG - POST http://localhost:56127/session/c8a698effd2df485d866d6b650dd7c4d/timeouts {'pageLoad': 20000}
2025-11-24 09:11:08 - urllib3.connectionpool - DEBUG - http://localhost:56127 "POST /session/c8a698effd2df485d866d6b650dd7c4d/timeouts HTTP/1.1" 200 0
2025-11-24 09:11:08 - selenium.webdriver.remote.remote_connection - DEBUG - Remote response: status=200 | data={"value":null} | headers=HTTPHeaderDict({'Content-Length': '14', 'Content-Type': 'application/json; charset=utf-8', 'cache-control': 'no-cache'})
2025-11-24 09:11:08 - selenium.webdriver.remote.remote_connection - DEBUG - Finished Request
2025-11-24 09:11:08 - scraper - INFO - Chrome driver initialized
2025-11-24 09:11:08 - scraper - INFO - Download directory: C:\Users\Mark Castro\Documents\CHEF_NOVARTIS\downloads\20251124_091103
2025-11-24 09:11:08 - scraper - INFO - Navigating to https://www.pensionskassen-novartis.ch/en/services/downloads
2025-11-24 09:11:08 - selenium.webdriver.remote.remote_connection - DEBUG - POST http://localhost:56127/session/c8a698effd2df485d866d6b650dd7c4d/url {'url': 'https://www.pensionskassen-novartis.ch/en/services/downloads'}
2025-11-24 09:11:11 - urllib3.connectionpool - DEBUG - http://localhost:56127 "POST /session/c8a698effd2df485d866d6b650dd7c4d/url HTTP/1.1" 200 0
2025-11-24 09:11:11 - selenium.webdriver.remote.remote_connection - DEBUG - Remote response: status=200 | data={"value":null} | headers=HTTPHeaderDict({'Content-Length': '14', 'Content-Type': 'application/json; charset=utf-8', 'cache-control': 'no-cache'})
2025-11-24 09:11:11 - selenium.webdriver.remote.remote_connection - DEBUG - Finished Request
2025-11-24 09:11:14 - scraper - INFO - Page loaded successfully
2025-11-24 09:11:14 - scraper - INFO - Handling cookie consent...
2025-11-24 09:11:14 - selenium.webdriver.remote.remote_connection - DEBUG - POST http://localhost:56127/session/c8a698effd2df485d866d6b650dd7c4d/element {'using': 'css selector', 'value': 'button#CybotCookiebotDialogBodyLevelButtonLevelOptinAllowAll'}
2025-11-24 09:11:14 - urllib3.connectionpool - DEBUG - http://localhost:56127 "POST /session/c8a698effd2df485d866d6b650dd7c4d/element HTTP/1.1" 200 0
2025-11-24 09:11:14 - selenium.webdriver.remote.remote_connection - DEBUG - Remote response: status=200 | data={"value":{"element-6066-11e4-a52e-4f735466cecf":"f.B6E7B38CEB0CB1C9C1B1481D29DAFDDF.d.377E5D2D78ED3D6CD48EB3FF21F8D210.e.44"}} | headers=HTTPHeaderDict({'Content-Length': '126', 'Content-Type': 'application/json; charset=utf-8', 'cache-control': 'no-cache'})
2025-11-24 09:11:14 - selenium.webdriver.remote.remote_connection - DEBUG - Finished Request
2025-11-24 09:11:14 - selenium.webdriver.remote.remote_connection - DEBUG - POST http://localhost:56127/session/c8a698effd2df485d866d6b650dd7c4d/execute/sync {'script': '/* isDisplayed */return (function(){return (function(){var g=this||self;\nfunction aa(a){var b=typeof...', 'args': [{'element-6066-11e4-a52e-4f735466cecf': 'f.B6E7B38CEB0CB1C9C1B1481D29DAFDDF.d.377E5D2D78ED3D6CD48EB3FF21F8D210.e.44'}]}
2025-11-24 09:11:14 - urllib3.connectionpool - DEBUG - http://localhost:56127 "POST /session/c8a698effd2df485d866d6b650dd7c4d/execute/sync HTTP/1.1" 200 0
2025-11-24 09:11:14 - selenium.webdriver.remote.remote_connection - DEBUG - Remote response: status=200 | data={"value":true} | headers=HTTPHeaderDict({'Content-Length': '14', 'Content-Type': 'application/json; charset=utf-8', 'cache-control': 'no-cache'})
2025-11-24 09:11:14 - selenium.webdriver.remote.remote_connection - DEBUG - Finished Request
2025-11-24 09:11:14 - selenium.webdriver.remote.remote_connection - DEBUG - GET http://localhost:56127/session/c8a698effd2df485d866d6b650dd7c4d/element/f.B6E7B38CEB0CB1C9C1B1481D29DAFDDF.d.377E5D2D78ED3D6CD48EB3FF21F8D210.e.44/enabled {}
2025-11-24 09:11:14 - urllib3.connectionpool - DEBUG - http://localhost:56127 "GET /session/c8a698effd2df485d866d6b650dd7c4d/element/f.B6E7B38CEB0CB1C9C1B1481D29DAFDDF.d.377E5D2D78ED3D6CD48EB3FF21F8D210.e.44/enabled HTTP/1.1" 200 0
2025-11-24 09:11:14 - selenium.webdriver.remote.remote_connection - DEBUG - Remote response: status=200 | data={"value":true} | headers=HTTPHeaderDict({'Content-Length': '14', 'Content-Type': 'application/json; charset=utf-8', 'cache-control': 'no-cache'})
2025-11-24 09:11:14 - selenium.webdriver.remote.remote_connection - DEBUG - Finished Request
2025-11-24 09:11:14 - scraper - INFO - Cookie consent dialog found
2025-11-24 09:11:14 - selenium.webdriver.remote.remote_connection - DEBUG - POST http://localhost:56127/session/c8a698effd2df485d866d6b650dd7c4d/element/f.B6E7B38CEB0CB1C9C1B1481D29DAFDDF.d.377E5D2D78ED3D6CD48EB3FF21F8D210.e.44/click {}
2025-11-24 09:11:15 - urllib3.connectionpool - DEBUG - http://localhost:56127 "POST /session/c8a698effd2df485d866d6b650dd7c4d/element/f.B6E7B38CEB0CB1C9C1B1481D29DAFDDF.d.377E5D2D78ED3D6CD48EB3FF21F8D210.e.44/click HTTP/1.1" 200 0
2025-11-24 09:11:15 - selenium.webdriver.remote.remote_connection - DEBUG - Remote response: status=200 | data={"value":null} | headers=HTTPHeaderDict({'Content-Length': '14', 'Content-Type': 'application/json; charset=utf-8', 'cache-control': 'no-cache'})
2025-11-24 09:11:15 - selenium.webdriver.remote.remote_connection - DEBUG - Finished Request
2025-11-24 09:11:17 - scraper - INFO - Cookie consent accepted
2025-11-24 09:11:17 - scraper - INFO - Scrolling to Annual Reports section...
2025-11-24 09:11:17 - selenium.webdriver.remote.remote_connection - DEBUG - POST http://localhost:56127/session/c8a698effd2df485d866d6b650dd7c4d/element {'using': 'css selector', 'value': 'div#c7006'}
2025-11-24 09:11:17 - urllib3.connectionpool - DEBUG - http://localhost:56127 "POST /session/c8a698effd2df485d866d6b650dd7c4d/element HTTP/1.1" 200 0
2025-11-24 09:11:17 - selenium.webdriver.remote.remote_connection - DEBUG - Remote response: status=200 | data={"value":{"element-6066-11e4-a52e-4f735466cecf":"f.B6E7B38CEB0CB1C9C1B1481D29DAFDDF.d.377E5D2D78ED3D6CD48EB3FF21F8D210.e.45"}} | headers=HTTPHeaderDict({'Content-Length': '126', 'Content-Type': 'application/json; charset=utf-8', 'cache-control': 'no-cache'})
2025-11-24 09:11:17 - selenium.webdriver.remote.remote_connection - DEBUG - Finished Request
2025-11-24 09:11:17 - selenium.webdriver.remote.remote_connection - DEBUG - POST http://localhost:56127/session/c8a698effd2df485d866d6b650dd7c4d/execute/sync {'script': "arguments[0].scrollIntoView({behavior: 'smooth', block: 'center'});", 'args': [{'element-6066-11e4-a52e-4f735466cecf': 'f.B6E7B38CEB0CB1C9C1B1481D29DAFDDF.d.377E5D2D78ED3D6CD48EB3FF21F8D210.e.45'}]}
2025-11-24 09:11:17 - urllib3.connectionpool - DEBUG - http://localhost:56127 "POST /session/c8a698effd2df485d866d6b650dd7c4d/execute/sync HTTP/1.1" 200 0
2025-11-24 09:11:17 - selenium.webdriver.remote.remote_connection - DEBUG - Remote response: status=200 | data={"value":null} | headers=HTTPHeaderDict({'Content-Length': '14', 'Content-Type': 'application/json; charset=utf-8', 'cache-control': 'no-cache'})
2025-11-24 09:11:17 - selenium.webdriver.remote.remote_connection - DEBUG - Finished Request
2025-11-24 09:11:18 - scraper - INFO - Scrolled to Annual Reports accordion
2025-11-24 09:11:18 - scraper - INFO - Expanding Annual Reports accordion...
2025-11-24 09:11:18 - selenium.webdriver.remote.remote_connection - DEBUG - POST http://localhost:56127/session/c8a698effd2df485d866d6b650dd7c4d/element {'using': 'css selector', 'value': 'div#c7006 div.panel-heading'}
2025-11-24 09:11:18 - urllib3.connectionpool - DEBUG - http://localhost:56127 "POST /session/c8a698effd2df485d866d6b650dd7c4d/element HTTP/1.1" 200 0
2025-11-24 09:11:18 - selenium.webdriver.remote.remote_connection - DEBUG - Remote response: status=200 | data={"value":{"element-6066-11e4-a52e-4f735466cecf":"f.B6E7B38CEB0CB1C9C1B1481D29DAFDDF.d.377E5D2D78ED3D6CD48EB3FF21F8D210.e.48"}} | headers=HTTPHeaderDict({'Content-Length': '126', 'Content-Type': 'application/json; charset=utf-8', 'cache-control': 'no-cache'})
2025-11-24 09:11:18 - selenium.webdriver.remote.remote_connection - DEBUG - Finished Request
2025-11-24 09:11:18 - selenium.webdriver.remote.remote_connection - DEBUG - POST http://localhost:56127/session/c8a698effd2df485d866d6b650dd7c4d/execute/sync {'script': '/* isDisplayed */return (function(){return (function(){var g=this||self;\nfunction aa(a){var b=typeof...', 'args': [{'element-6066-11e4-a52e-4f735466cecf': 'f.B6E7B38CEB0CB1C9C1B1481D29DAFDDF.d.377E5D2D78ED3D6CD48EB3FF21F8D210.e.48'}]}
2025-11-24 09:11:18 - urllib3.connectionpool - DEBUG - http://localhost:56127 "POST /session/c8a698effd2df485d866d6b650dd7c4d/execute/sync HTTP/1.1" 200 0
2025-11-24 09:11:18 - selenium.webdriver.remote.remote_connection - DEBUG - Remote response: status=200 | data={"value":true} | headers=HTTPHeaderDict({'Content-Length': '14', 'Content-Type': 'application/json; charset=utf-8', 'cache-control': 'no-cache'})
2025-11-24 09:11:18 - selenium.webdriver.remote.remote_connection - DEBUG - Finished Request
2025-11-24 09:11:18 - selenium.webdriver.remote.remote_connection - DEBUG - GET http://localhost:56127/session/c8a698effd2df485d866d6b650dd7c4d/element/f.B6E7B38CEB0CB1C9C1B1481D29DAFDDF.d.377E5D2D78ED3D6CD48EB3FF21F8D210.e.48/enabled {}
2025-11-24 09:11:18 - urllib3.connectionpool - DEBUG - http://localhost:56127 "GET /session/c8a698effd2df485d866d6b650dd7c4d/element/f.B6E7B38CEB0CB1C9C1B1481D29DAFDDF.d.377E5D2D78ED3D6CD48EB3FF21F8D210.e.48/enabled HTTP/1.1" 200 0
2025-11-24 09:11:18 - selenium.webdriver.remote.remote_connection - DEBUG - Remote response: status=200 | data={"value":true} | headers=HTTPHeaderDict({'Content-Length': '14', 'Content-Type': 'application/json; charset=utf-8', 'cache-control': 'no-cache'})
2025-11-24 09:11:18 - selenium.webdriver.remote.remote_connection - DEBUG - Finished Request
2025-11-24 09:11:18 - selenium.webdriver.remote.remote_connection - DEBUG - POST http://localhost:56127/session/c8a698effd2df485d866d6b650dd7c4d/execute/sync {'script': '/* getAttribute */return (function(){return (function(){var d=this||self;function f(a,b){function c(...', 'args': [{'element-6066-11e4-a52e-4f735466cecf': 'f.B6E7B38CEB0CB1C9C1B1481D29DAFDDF.d.377E5D2D78ED3D6CD48EB3FF21F8D210.e.48'}, 'class']}
2025-11-24 09:11:18 - urllib3.connectionpool - DEBUG - http://localhost:56127 "POST /session/c8a698effd2df485d866d6b650dd7c4d/execute/sync HTTP/1.1" 200 0
2025-11-24 09:11:18 - selenium.webdriver.remote.remote_connection - DEBUG - Remote response: status=200 | data={"value":"panel-heading "} | headers=HTTPHeaderDict({'Content-Length': '26', 'Content-Type': 'application/json; charset=utf-8', 'cache-control': 'no-cache'})
2025-11-24 09:11:18 - selenium.webdriver.remote.remote_connection - DEBUG - Finished Request
2025-11-24 09:11:18 - selenium.webdriver.remote.remote_connection - DEBUG - POST http://localhost:56127/session/c8a698effd2df485d866d6b650dd7c4d/element/f.B6E7B38CEB0CB1C9C1B1481D29DAFDDF.d.377E5D2D78ED3D6CD48EB3FF21F8D210.e.48/click {}
2025-11-24 09:11:18 - urllib3.connectionpool - DEBUG - http://localhost:56127 "POST /session/c8a698effd2df485d866d6b650dd7c4d/element/f.B6E7B38CEB0CB1C9C1B1481D29DAFDDF.d.377E5D2D78ED3D6CD48EB3FF21F8D210.e.48/click HTTP/1.1" 200 0
2025-11-24 09:11:18 - selenium.webdriver.remote.remote_connection - DEBUG - Remote response: status=200 | data={"value":null} | headers=HTTPHeaderDict({'Content-Length': '14', 'Content-Type': 'application/json; charset=utf-8', 'cache-control': 'no-cache'})
2025-11-24 09:11:18 - selenium.webdriver.remote.remote_connection - DEBUG - Finished Request
2025-11-24 09:11:20 - scraper - INFO - Annual Reports accordion expanded
2025-11-24 09:11:20 - scraper - INFO - Extracting report links...
2025-11-24 09:11:20 - selenium.webdriver.remote.remote_connection - DEBUG - POST http://localhost:56127/session/c8a698effd2df485d866d6b650dd7c4d/elements {'using': 'css selector', 'value': 'div#c7011 li'}
2025-11-24 09:11:20 - urllib3.connectionpool - DEBUG - http://localhost:56127 "POST /session/c8a698effd2df485d866d6b650dd7c4d/elements HTTP/1.1" 200 0
2025-11-24 09:11:20 - selenium.webdriver.remote.remote_connection - DEBUG - Remote response: status=200 | data={"value":[{"element-6066-11e4-a52e-4f735466cecf":"f.B6E7B38CEB0CB1C9C1B1481D29DAFDDF.d.377E5D2D78ED3D6CD48EB3FF21F8D210.e.64"},{"element-6066-11e4-a52e-4f735466cecf":"f.B6E7B38CEB0CB1C9C1B1481D29DAFDDF.d.377E5D2D78ED3D6CD48EB3FF21F8D210.e.65"},{"element-6066-11e4-a52e-4f735466cecf":"f.B6E7B38CEB0CB1C9C1B1481D29DAFDDF.d.377E5D2D78ED3D6CD48EB3FF21F8D210.e.66"},{"element-6066-11e4-a52e-4f735466cecf":"f.B6E7B38CEB0CB1C9C1B1481D29DAFDDF.d.377E5D2D78ED3D6CD48EB3FF21F8D210.e.67"},{"element-6066-11e4-a52e-4f735466cecf":"f.B6E7B38CEB0CB1C9C1B1481D29DAFDDF.d.377E5D2D78ED3D6CD48EB3FF21F8D210.e.68"}]} | headers=HTTPHeaderDict({'Content-Length': '596', 'Content-Type': 'application/json; charset=utf-8', 'cache-control': 'no-cache'})
2025-11-24 09:11:20 - selenium.webdriver.remote.remote_connection - DEBUG - Finished Request
2025-11-24 09:11:20 - scraper - INFO - Found 5 report entries
2025-11-24 09:11:20 - selenium.webdriver.remote.remote_connection - DEBUG - POST http://localhost:56127/session/c8a698effd2df485d866d6b650dd7c4d/element/f.B6E7B38CEB0CB1C9C1B1481D29DAFDDF.d.377E5D2D78ED3D6CD48EB3FF21F8D210.e.64/element {'using': 'tag name', 'value': 'a'}
2025-11-24 09:11:20 - urllib3.connectionpool - DEBUG - http://localhost:56127 "POST /session/c8a698effd2df485d866d6b650dd7c4d/element/f.B6E7B38CEB0CB1C9C1B1481D29DAFDDF.d.377E5D2D78ED3D6CD48EB3FF21F8D210.e.64/element HTTP/1.1" 200 0
2025-11-24 09:11:20 - selenium.webdriver.remote.remote_connection - DEBUG - Remote response: status=200 | data={"value":{"element-6066-11e4-a52e-4f735466cecf":"f.B6E7B38CEB0CB1C9C1B1481D29DAFDDF.d.377E5D2D78ED3D6CD48EB3FF21F8D210.e.69"}} | headers=HTTPHeaderDict({'Content-Length': '126', 'Content-Type': 'application/json; charset=utf-8', 'cache-control': 'no-cache'})
2025-11-24 09:11:20 - selenium.webdriver.remote.remote_connection - DEBUG - Finished Request
2025-11-24 09:11:20 - selenium.webdriver.remote.remote_connection - DEBUG - POST http://localhost:56127/session/c8a698effd2df485d866d6b650dd7c4d/execute/sync {'script': '/* getAttribute */return (function(){return (function(){var d=this||self;function f(a,b){function c(...', 'args': [{'element-6066-11e4-a52e-4f735466cecf': 'f.B6E7B38CEB0CB1C9C1B1481D29DAFDDF.d.377E5D2D78ED3D6CD48EB3FF21F8D210.e.69'}, 'href']}
2025-11-24 09:11:20 - urllib3.connectionpool - DEBUG - http://localhost:56127 "POST /session/c8a698effd2df485d866d6b650dd7c4d/execute/sync HTTP/1.1" 200 0
2025-11-24 09:11:20 - selenium.webdriver.remote.remote_connection - DEBUG - Remote response: status=200 | data={"value":"https://www.pensionskassen-novartis.ch/fileadmin/pkn/Jahresberichte/2024/E_Jahresbericht.pdf"} | headers=HTTPHeaderDict({'Content-Length': '104', 'Content-Type': 'application/json; charset=utf-8', 'cache-control': 'no-cache'})
2025-11-24 09:11:20 - selenium.webdriver.remote.remote_connection - DEBUG - Finished Request
2025-11-24 09:11:20 - selenium.webdriver.remote.remote_connection - DEBUG - POST http://localhost:56127/session/c8a698effd2df485d866d6b650dd7c4d/element/f.B6E7B38CEB0CB1C9C1B1481D29DAFDDF.d.377E5D2D78ED3D6CD48EB3FF21F8D210.e.69/element {'using': 'css selector', 'value': 'span.underline'}
2025-11-24 09:11:20 - urllib3.connectionpool - DEBUG - http://localhost:56127 "POST /session/c8a698effd2df485d866d6b650dd7c4d/element/f.B6E7B38CEB0CB1C9C1B1481D29DAFDDF.d.377E5D2D78ED3D6CD48EB3FF21F8D210.e.69/element HTTP/1.1" 200 0
2025-11-24 09:11:20 - selenium.webdriver.remote.remote_connection - DEBUG - Remote response: status=200 | data={"value":{"element-6066-11e4-a52e-4f735466cecf":"f.B6E7B38CEB0CB1C9C1B1481D29DAFDDF.d.377E5D2D78ED3D6CD48EB3FF21F8D210.e.70"}} | headers=HTTPHeaderDict({'Content-Length': '126', 'Content-Type': 'application/json; charset=utf-8', 'cache-control': 'no-cache'})
2025-11-24 09:11:20 - selenium.webdriver.remote.remote_connection - DEBUG - Finished Request
2025-11-24 09:11:20 - selenium.webdriver.remote.remote_connection - DEBUG - GET http://localhost:56127/session/c8a698effd2df485d866d6b650dd7c4d/element/f.B6E7B38CEB0CB1C9C1B1481D29DAFDDF.d.377E5D2D78ED3D6CD48EB3FF21F8D210.e.70/text {}
2025-11-24 09:11:20 - urllib3.connectionpool - DEBUG - http://localhost:56127 "GET /session/c8a698effd2df485d866d6b650dd7c4d/element/f.B6E7B38CEB0CB1C9C1B1481D29DAFDDF.d.377E5D2D78ED3D6CD48EB3FF21F8D210.e.70/text HTTP/1.1" 200 0
2025-11-24 09:11:20 - selenium.webdriver.remote.remote_connection - DEBUG - Remote response: status=200 | data={"value":"Annual Report 2024"} | headers=HTTPHeaderDict({'Content-Length': '30', 'Content-Type': 'application/json; charset=utf-8', 'cache-control': 'no-cache'})
2025-11-24 09:11:20 - selenium.webdriver.remote.remote_connection - DEBUG - Finished Request
2025-11-24 09:11:20 - scraper - DEBUG - Found: 2024 - Annual Report 2024
2025-11-24 09:11:20 - selenium.webdriver.remote.remote_connection - DEBUG - POST http://localhost:56127/session/c8a698effd2df485d866d6b650dd7c4d/element/f.B6E7B38CEB0CB1C9C1B1481D29DAFDDF.d.377E5D2D78ED3D6CD48EB3FF21F8D210.e.65/element {'using': 'tag name', 'value': 'a'}
2025-11-24 09:11:20 - urllib3.connectionpool - DEBUG - http://localhost:56127 "POST /session/c8a698effd2df485d866d6b650dd7c4d/element/f.B6E7B38CEB0CB1C9C1B1481D29DAFDDF.d.377E5D2D78ED3D6CD48EB3FF21F8D210.e.65/element HTTP/1.1" 200 0
2025-11-24 09:11:20 - selenium.webdriver.remote.remote_connection - DEBUG - Remote response: status=200 | data={"value":{"element-6066-11e4-a52e-4f735466cecf":"f.B6E7B38CEB0CB1C9C1B1481D29DAFDDF.d.377E5D2D78ED3D6CD48EB3FF21F8D210.e.71"}} | headers=HTTPHeaderDict({'Content-Length': '126', 'Content-Type': 'application/json; charset=utf-8', 'cache-control': 'no-cache'})
2025-11-24 09:11:20 - selenium.webdriver.remote.remote_connection - DEBUG - Finished Request
2025-11-24 09:11:20 - selenium.webdriver.remote.remote_connection - DEBUG - POST http://localhost:56127/session/c8a698effd2df485d866d6b650dd7c4d/execute/sync {'script': '/* getAttribute */return (function(){return (function(){var d=this||self;function f(a,b){function c(...', 'args': [{'element-6066-11e4-a52e-4f735466cecf': 'f.B6E7B38CEB0CB1C9C1B1481D29DAFDDF.d.377E5D2D78ED3D6CD48EB3FF21F8D210.e.71'}, 'href']}
2025-11-24 09:11:20 - urllib3.connectionpool - DEBUG - http://localhost:56127 "POST /session/c8a698effd2df485d866d6b650dd7c4d/execute/sync HTTP/1.1" 200 0
2025-11-24 09:11:20 - selenium.webdriver.remote.remote_connection - DEBUG - Remote response: status=200 | data={"value":"https://www.pensionskassen-novartis.ch/fileadmin/pkn/Jahresberichte/2023/E_Jahresbericht.pdf"} | headers=HTTPHeaderDict({'Content-Length': '104', 'Content-Type': 'application/json; charset=utf-8', 'cache-control': 'no-cache'})
2025-11-24 09:11:20 - selenium.webdriver.remote.remote_connection - DEBUG - Finished Request
2025-11-24 09:11:20 - selenium.webdriver.remote.remote_connection - DEBUG - POST http://localhost:56127/session/c8a698effd2df485d866d6b650dd7c4d/element/f.B6E7B38CEB0CB1C9C1B1481D29DAFDDF.d.377E5D2D78ED3D6CD48EB3FF21F8D210.e.71/element {'using': 'css selector', 'value': 'span.underline'}
2025-11-24 09:11:20 - urllib3.connectionpool - DEBUG - http://localhost:56127 "POST /session/c8a698effd2df485d866d6b650dd7c4d/element/f.B6E7B38CEB0CB1C9C1B1481D29DAFDDF.d.377E5D2D78ED3D6CD48EB3FF21F8D210.e.71/element HTTP/1.1" 200 0
2025-11-24 09:11:20 - selenium.webdriver.remote.remote_connection - DEBUG - Remote response: status=200 | data={"value":{"element-6066-11e4-a52e-4f735466cecf":"f.B6E7B38CEB0CB1C9C1B1481D29DAFDDF.d.377E5D2D78ED3D6CD48EB3FF21F8D210.e.72"}} | headers=HTTPHeaderDict({'Content-Length': '126', 'Content-Type': 'application/json; charset=utf-8', 'cache-control': 'no-cache'})
2025-11-24 09:11:20 - selenium.webdriver.remote.remote_connection - DEBUG - Finished Request
2025-11-24 09:11:20 - selenium.webdriver.remote.remote_connection - DEBUG - GET http://localhost:56127/session/c8a698effd2df485d866d6b650dd7c4d/element/f.B6E7B38CEB0CB1C9C1B1481D29DAFDDF.d.377E5D2D78ED3D6CD48EB3FF21F8D210.e.72/text {}
2025-11-24 09:11:20 - urllib3.connectionpool - DEBUG - http://localhost:56127 "GET /session/c8a698effd2df485d866d6b650dd7c4d/element/f.B6E7B38CEB0CB1C9C1B1481D29DAFDDF.d.377E5D2D78ED3D6CD48EB3FF21F8D210.e.72/text HTTP/1.1" 200 0
2025-11-24 09:11:20 - selenium.webdriver.remote.remote_connection - DEBUG - Remote response: status=200 | data={"value":"Annual Report 2023"} | headers=HTTPHeaderDict({'Content-Length': '30', 'Content-Type': 'application/json; charset=utf-8', 'cache-control': 'no-cache'})
2025-11-24 09:11:20 - selenium.webdriver.remote.remote_connection - DEBUG - Finished Request
2025-11-24 09:11:20 - scraper - DEBUG - Found: 2023 - Annual Report 2023
2025-11-24 09:11:20 - selenium.webdriver.remote.remote_connection - DEBUG - POST http://localhost:56127/session/c8a698effd2df485d866d6b650dd7c4d/element/f.B6E7B38CEB0CB1C9C1B1481D29DAFDDF.d.377E5D2D78ED3D6CD48EB3FF21F8D210.e.66/element {'using': 'tag name', 'value': 'a'}
2025-11-24 09:11:20 - urllib3.connectionpool - DEBUG - http://localhost:56127 "POST /session/c8a698effd2df485d866d6b650dd7c4d/element/f.B6E7B38CEB0CB1C9C1B1481D29DAFDDF.d.377E5D2D78ED3D6CD48EB3FF21F8D210.e.66/element HTTP/1.1" 200 0
2025-11-24 09:11:20 - selenium.webdriver.remote.remote_connection - DEBUG - Remote response: status=200 | data={"value":{"element-6066-11e4-a52e-4f735466cecf":"f.B6E7B38CEB0CB1C9C1B1481D29DAFDDF.d.377E5D2D78ED3D6CD48EB3FF21F8D210.e.73"}} | headers=HTTPHeaderDict({'Content-Length': '126', 'Content-Type': 'application/json; charset=utf-8', 'cache-control': 'no-cache'})
2025-11-24 09:11:20 - selenium.webdriver.remote.remote_connection - DEBUG - Finished Request
2025-11-24 09:11:20 - selenium.webdriver.remote.remote_connection - DEBUG - POST http://localhost:56127/session/c8a698effd2df485d866d6b650dd7c4d/execute/sync {'script': '/* getAttribute */return (function(){return (function(){var d=this||self;function f(a,b){function c(...', 'args': [{'element-6066-11e4-a52e-4f735466cecf': 'f.B6E7B38CEB0CB1C9C1B1481D29DAFDDF.d.377E5D2D78ED3D6CD48EB3FF21F8D210.e.73'}, 'href']}
2025-11-24 09:11:20 - urllib3.connectionpool - DEBUG - http://localhost:56127 "POST /session/c8a698effd2df485d866d6b650dd7c4d/execute/sync HTTP/1.1" 200 0
2025-11-24 09:11:20 - selenium.webdriver.remote.remote_connection - DEBUG - Remote response: status=200 | data={"value":"https://www.pensionskassen-novartis.ch/fileadmin/pkn/Jahresberichte/2022/E_Jahresbericht_2022.pdf"} | headers=HTTPHeaderDict({'Content-Length': '109', 'Content-Type': 'application/json; charset=utf-8', 'cache-control': 'no-cache'})
2025-11-24 09:11:20 - selenium.webdriver.remote.remote_connection - DEBUG - Finished Request
2025-11-24 09:11:20 - selenium.webdriver.remote.remote_connection - DEBUG - POST http://localhost:56127/session/c8a698effd2df485d866d6b650dd7c4d/element/f.B6E7B38CEB0CB1C9C1B1481D29DAFDDF.d.377E5D2D78ED3D6CD48EB3FF21F8D210.e.73/element {'using': 'css selector', 'value': 'span.underline'}
2025-11-24 09:11:20 - urllib3.connectionpool - DEBUG - http://localhost:56127 "POST /session/c8a698effd2df485d866d6b650dd7c4d/element/f.B6E7B38CEB0CB1C9C1B1481D29DAFDDF.d.377E5D2D78ED3D6CD48EB3FF21F8D210.e.73/element HTTP/1.1" 200 0
2025-11-24 09:11:20 - selenium.webdriver.remote.remote_connection - DEBUG - Remote response: status=200 | data={"value":{"element-6066-11e4-a52e-4f735466cecf":"f.B6E7B38CEB0CB1C9C1B1481D29DAFDDF.d.377E5D2D78ED3D6CD48EB3FF21F8D210.e.74"}} | headers=HTTPHeaderDict({'Content-Length': '126', 'Content-Type': 'application/json; charset=utf-8', 'cache-control': 'no-cache'})
2025-11-24 09:11:20 - selenium.webdriver.remote.remote_connection - DEBUG - Finished Request
2025-11-24 09:11:20 - selenium.webdriver.remote.remote_connection - DEBUG - GET http://localhost:56127/session/c8a698effd2df485d866d6b650dd7c4d/element/f.B6E7B38CEB0CB1C9C1B1481D29DAFDDF.d.377E5D2D78ED3D6CD48EB3FF21F8D210.e.74/text {}
2025-11-24 09:11:20 - urllib3.connectionpool - DEBUG - http://localhost:56127 "GET /session/c8a698effd2df485d866d6b650dd7c4d/element/f.B6E7B38CEB0CB1C9C1B1481D29DAFDDF.d.377E5D2D78ED3D6CD48EB3FF21F8D210.e.74/text HTTP/1.1" 200 0
2025-11-24 09:11:20 - selenium.webdriver.remote.remote_connection - DEBUG - Remote response: status=200 | data={"value":"Annual Report 2022"} | headers=HTTPHeaderDict({'Content-Length': '30', 'Content-Type': 'application/json; charset=utf-8', 'cache-control': 'no-cache'})
2025-11-24 09:11:20 - selenium.webdriver.remote.remote_connection - DEBUG - Finished Request
2025-11-24 09:11:20 - scraper - DEBUG - Found: 2022 - Annual Report 2022
2025-11-24 09:11:20 - selenium.webdriver.remote.remote_connection - DEBUG - POST http://localhost:56127/session/c8a698effd2df485d866d6b650dd7c4d/element/f.B6E7B38CEB0CB1C9C1B1481D29DAFDDF.d.377E5D2D78ED3D6CD48EB3FF21F8D210.e.67/element {'using': 'tag name', 'value': 'a'}
2025-11-24 09:11:20 - urllib3.connectionpool - DEBUG - http://localhost:56127 "POST /session/c8a698effd2df485d866d6b650dd7c4d/element/f.B6E7B38CEB0CB1C9C1B1481D29DAFDDF.d.377E5D2D78ED3D6CD48EB3FF21F8D210.e.67/element HTTP/1.1" 200 0
2025-11-24 09:11:20 - selenium.webdriver.remote.remote_connection - DEBUG - Remote response: status=200 | data={"value":{"element-6066-11e4-a52e-4f735466cecf":"f.B6E7B38CEB0CB1C9C1B1481D29DAFDDF.d.377E5D2D78ED3D6CD48EB3FF21F8D210.e.75"}} | headers=HTTPHeaderDict({'Content-Length': '126', 'Content-Type': 'application/json; charset=utf-8', 'cache-control': 'no-cache'})
2025-11-24 09:11:20 - selenium.webdriver.remote.remote_connection - DEBUG - Finished Request
2025-11-24 09:11:20 - selenium.webdriver.remote.remote_connection - DEBUG - POST http://localhost:56127/session/c8a698effd2df485d866d6b650dd7c4d/execute/sync {'script': '/* getAttribute */return (function(){return (function(){var d=this||self;function f(a,b){function c(...', 'args': [{'element-6066-11e4-a52e-4f735466cecf': 'f.B6E7B38CEB0CB1C9C1B1481D29DAFDDF.d.377E5D2D78ED3D6CD48EB3FF21F8D210.e.75'}, 'href']}
2025-11-24 09:11:20 - urllib3.connectionpool - DEBUG - http://localhost:56127 "POST /session/c8a698effd2df485d866d6b650dd7c4d/execute/sync HTTP/1.1" 200 0
2025-11-24 09:11:20 - selenium.webdriver.remote.remote_connection - DEBUG - Remote response: status=200 | data={"value":"https://www.pensionskassen-novartis.ch/fileadmin/pkn/Jahresberichte/2021/E_Jahresbericht_2021.pdf"} | headers=HTTPHeaderDict({'Content-Length': '109', 'Content-Type': 'application/json; charset=utf-8', 'cache-control': 'no-cache'})
2025-11-24 09:11:20 - selenium.webdriver.remote.remote_connection - DEBUG - Finished Request
2025-11-24 09:11:20 - selenium.webdriver.remote.remote_connection - DEBUG - POST http://localhost:56127/session/c8a698effd2df485d866d6b650dd7c4d/element/f.B6E7B38CEB0CB1C9C1B1481D29DAFDDF.d.377E5D2D78ED3D6CD48EB3FF21F8D210.e.75/element {'using': 'css selector', 'value': 'span.underline'}
2025-11-24 09:11:20 - urllib3.connectionpool - DEBUG - http://localhost:56127 "POST /session/c8a698effd2df485d866d6b650dd7c4d/element/f.B6E7B38CEB0CB1C9C1B1481D29DAFDDF.d.377E5D2D78ED3D6CD48EB3FF21F8D210.e.75/element HTTP/1.1" 200 0
2025-11-24 09:11:20 - selenium.webdriver.remote.remote_connection - DEBUG - Remote response: status=200 | data={"value":{"element-6066-11e4-a52e-4f735466cecf":"f.B6E7B38CEB0CB1C9C1B1481D29DAFDDF.d.377E5D2D78ED3D6CD48EB3FF21F8D210.e.76"}} | headers=HTTPHeaderDict({'Content-Length': '126', 'Content-Type': 'application/json; charset=utf-8', 'cache-control': 'no-cache'})
2025-11-24 09:11:20 - selenium.webdriver.remote.remote_connection - DEBUG - Finished Request
2025-11-24 09:11:20 - selenium.webdriver.remote.remote_connection - DEBUG - GET http://localhost:56127/session/c8a698effd2df485d866d6b650dd7c4d/element/f.B6E7B38CEB0CB1C9C1B1481D29DAFDDF.d.377E5D2D78ED3D6CD48EB3FF21F8D210.e.76/text {}
2025-11-24 09:11:20 - urllib3.connectionpool - DEBUG - http://localhost:56127 "GET /session/c8a698effd2df485d866d6b650dd7c4d/element/f.B6E7B38CEB0CB1C9C1B1481D29DAFDDF.d.377E5D2D78ED3D6CD48EB3FF21F8D210.e.76/text HTTP/1.1" 200 0
2025-11-24 09:11:20 - selenium.webdriver.remote.remote_connection - DEBUG - Remote response: status=200 | data={"value":"Annual Report 2021"} | headers=HTTPHeaderDict({'Content-Length': '30', 'Content-Type': 'application/json; charset=utf-8', 'cache-control': 'no-cache'})
2025-11-24 09:11:20 - selenium.webdriver.remote.remote_connection - DEBUG - Finished Request
2025-11-24 09:11:20 - scraper - DEBUG - Found: 2021 - Annual Report 2021
2025-11-24 09:11:20 - selenium.webdriver.remote.remote_connection - DEBUG - POST http://localhost:56127/session/c8a698effd2df485d866d6b650dd7c4d/element/f.B6E7B38CEB0CB1C9C1B1481D29DAFDDF.d.377E5D2D78ED3D6CD48EB3FF21F8D210.e.68/element {'using': 'tag name', 'value': 'a'}
2025-11-24 09:11:20 - urllib3.connectionpool - DEBUG - http://localhost:56127 "POST /session/c8a698effd2df485d866d6b650dd7c4d/element/f.B6E7B38CEB0CB1C9C1B1481D29DAFDDF.d.377E5D2D78ED3D6CD48EB3FF21F8D210.e.68/element HTTP/1.1" 200 0
2025-11-24 09:11:20 - selenium.webdriver.remote.remote_connection - DEBUG - Remote response: status=200 | data={"value":{"element-6066-11e4-a52e-4f735466cecf":"f.B6E7B38CEB0CB1C9C1B1481D29DAFDDF.d.377E5D2D78ED3D6CD48EB3FF21F8D210.e.77"}} | headers=HTTPHeaderDict({'Content-Length': '126', 'Content-Type': 'application/json; charset=utf-8', 'cache-control': 'no-cache'})
2025-11-24 09:11:20 - selenium.webdriver.remote.remote_connection - DEBUG - Finished Request
2025-11-24 09:11:20 - selenium.webdriver.remote.remote_connection - DEBUG - POST http://localhost:56127/session/c8a698effd2df485d866d6b650dd7c4d/execute/sync {'script': '/* getAttribute */return (function(){return (function(){var d=this||self;function f(a,b){function c(...', 'args': [{'element-6066-11e4-a52e-4f735466cecf': 'f.B6E7B38CEB0CB1C9C1B1481D29DAFDDF.d.377E5D2D78ED3D6CD48EB3FF21F8D210.e.77'}, 'href']}
2025-11-24 09:11:20 - urllib3.connectionpool - DEBUG - http://localhost:56127 "POST /session/c8a698effd2df485d866d6b650dd7c4d/execute/sync HTTP/1.1" 200 0
2025-11-24 09:11:20 - selenium.webdriver.remote.remote_connection - DEBUG - Remote response: status=200 | data={"value":"https://www.pensionskassen-novartis.ch/fileadmin/pkn/Jahresberichte/2020/E_Jahresbericht_2020.pdf"} | headers=HTTPHeaderDict({'Content-Length': '109', 'Content-Type': 'application/json; charset=utf-8', 'cache-control': 'no-cache'})
2025-11-24 09:11:20 - selenium.webdriver.remote.remote_connection - DEBUG - Finished Request
2025-11-24 09:11:20 - selenium.webdriver.remote.remote_connection - DEBUG - POST http://localhost:56127/session/c8a698effd2df485d866d6b650dd7c4d/element/f.B6E7B38CEB0CB1C9C1B1481D29DAFDDF.d.377E5D2D78ED3D6CD48EB3FF21F8D210.e.77/element {'using': 'css selector', 'value': 'span.underline'}
2025-11-24 09:11:20 - urllib3.connectionpool - DEBUG - http://localhost:56127 "POST /session/c8a698effd2df485d866d6b650dd7c4d/element/f.B6E7B38CEB0CB1C9C1B1481D29DAFDDF.d.377E5D2D78ED3D6CD48EB3FF21F8D210.e.77/element HTTP/1.1" 200 0
2025-11-24 09:11:20 - selenium.webdriver.remote.remote_connection - DEBUG - Remote response: status=200 | data={"value":{"element-6066-11e4-a52e-4f735466cecf":"f.B6E7B38CEB0CB1C9C1B1481D29DAFDDF.d.377E5D2D78ED3D6CD48EB3FF21F8D210.e.78"}} | headers=HTTPHeaderDict({'Content-Length': '126', 'Content-Type': 'application/json; charset=utf-8', 'cache-control': 'no-cache'})
2025-11-24 09:11:20 - selenium.webdriver.remote.remote_connection - DEBUG - Finished Request
2025-11-24 09:11:20 - selenium.webdriver.remote.remote_connection - DEBUG - GET http://localhost:56127/session/c8a698effd2df485d866d6b650dd7c4d/element/f.B6E7B38CEB0CB1C9C1B1481D29DAFDDF.d.377E5D2D78ED3D6CD48EB3FF21F8D210.e.78/text {}
2025-11-24 09:11:20 - urllib3.connectionpool - DEBUG - http://localhost:56127 "GET /session/c8a698effd2df485d866d6b650dd7c4d/element/f.B6E7B38CEB0CB1C9C1B1481D29DAFDDF.d.377E5D2D78ED3D6CD48EB3FF21F8D210.e.78/text HTTP/1.1" 200 0
2025-11-24 09:11:20 - selenium.webdriver.remote.remote_connection - DEBUG - Remote response: status=200 | data={"value":"Annual Report 2020"} | headers=HTTPHeaderDict({'Content-Length': '30', 'Content-Type': 'application/json; charset=utf-8', 'cache-control': 'no-cache'})
2025-11-24 09:11:20 - selenium.webdriver.remote.remote_connection - DEBUG - Finished Request
2025-11-24 09:11:20 - scraper - DEBUG - Found: 2020 - Annual Report 2020
2025-11-24 09:11:20 - scraper - INFO - Extracted 5 valid report links
2025-11-24 09:11:20 - scraper - INFO - Mode: Latest year - 2024
2025-11-24 09:11:20 - scraper - INFO - Downloading 2024 - Annual Report 2024
2025-11-24 09:11:20 - urllib3.connectionpool - DEBUG - Starting new HTTPS connection (1): www.pensionskassen-novartis.ch:443
2025-11-24 09:11:21 - urllib3.connectionpool - DEBUG - https://www.pensionskassen-novartis.ch:443 "GET /fileadmin/pkn/Jahresberichte/2024/E_Jahresbericht.pdf HTTP/1.1" 200 3694075
2025-11-24 09:11:27 - scraper - INFO - Downloaded: 2024 - 3694075 bytes
2025-11-24 09:11:28 - selenium.webdriver.remote.remote_connection - DEBUG - DELETE http://localhost:56127/session/c8a698effd2df485d866d6b650dd7c4d {}
2025-11-24 09:11:28 - urllib3.connectionpool - DEBUG - http://localhost:56127 "DELETE /session/c8a698effd2df485d866d6b650dd7c4d HTTP/1.1" 200 0
2025-11-24 09:11:28 - selenium.webdriver.remote.remote_connection - DEBUG - Remote response: status=200 | data={"value":null} | headers=HTTPHeaderDict({'Content-Length': '14', 'Content-Type': 'application/json; charset=utf-8', 'cache-control': 'no-cache'})
2025-11-24 09:11:28 - selenium.webdriver.remote.remote_connection - DEBUG - Finished Request
2025-11-24 09:11:30 - scraper - INFO - Browser closed
2025-11-24 09:11:30 - root - ERROR - Test failed with error: 'charmap' codec can't encode character '\u2713' in position 12: character maps to <undefined>
Traceback (most recent call last):
  File "C:\Users\Mark Castro\Documents\CHEF_NOVARTIS\test_scraper.py", line 58, in main
    print("TEST PASSED ✓")
  File "C:\Users\Mark Castro\AppData\Local\Programs\Python\Python311\Lib\encodings\cp1252.py", line 19, in encode
    return codecs.charmap_encode(input,self.errors,encoding_table)[0]
           ^^^^^^^^^^^^^^^^^^^^^^^^^^^^^^^^^^^^^^^^^^^^^^^^^^^^^^^
UnicodeEncodeError: 'charmap' codec can't encode character '\u2713' in position 12: character maps to <undefined>
