2025-11-24 14:51:25 - root - INFO - ============================================================
2025-11-24 14:51:25 - root - INFO - Logging initialized
2025-11-24 14:51:25 - root - INFO - Log file: ./logs\20251124_145117\novartis_20251124_145117.log
2025-11-24 14:51:25 - root - INFO - Log level: DEBUG
2025-11-24 14:51:25 - root - INFO - Run timestamp: 20251124_145117
2025-11-24 14:51:25 - root - INFO - ============================================================
2025-11-24 14:51:25 - selenium.webdriver.common.selenium_manager - DEBUG - Selenium Manager binary found at: C:\Users\Mark Castro\AppData\Local\Programs\Python\Python311\Lib\site-packages\selenium\webdriver\common\windows\selenium-manager.exe
2025-11-24 14:51:25 - selenium.webdriver.common.selenium_manager - DEBUG - Executing process: C:\Users\Mark Castro\AppData\Local\Programs\Python\Python311\Lib\site-packages\selenium\webdriver\common\windows\selenium-manager.exe --browser chrome --debug --language-binding python --output json
2025-11-24 14:51:26 - selenium.webdriver.common.selenium_manager - DEBUG - Sending stats to Plausible: Props { browser: "chrome", browser_version: "", os: "windows", arch: "amd64", lang: "python", selenium_version: "4.27" }
2025-11-24 14:51:26 - selenium.webdriver.common.selenium_manager - DEBUG - chromedriver not found in PATH
2025-11-24 14:51:26 - selenium.webdriver.common.selenium_manager - DEBUG - chrome detected at C:\Program Files\Google\Chrome\Application\chrome.exe
2025-11-24 14:51:26 - selenium.webdriver.common.selenium_manager - DEBUG - Running command: wmic datafile where name='C:\\Program Files\\Google\\Chrome\\Application\\chrome.exe' get Version /value
2025-11-24 14:51:26 - selenium.webdriver.common.selenium_manager - DEBUG - Output: "\r\r\n\r\r\nVersion=142.0.7444.176\r\r\n\r\r\n\r\r\n\r"
2025-11-24 14:51:26 - selenium.webdriver.common.selenium_manager - DEBUG - Detected browser: chrome 142.0.7444.176
2025-11-24 14:51:26 - selenium.webdriver.common.selenium_manager - DEBUG - Discovering versions from https://googlechromelabs.github.io/chrome-for-testing/known-good-versions-with-downloads.json
2025-11-24 14:51:26 - selenium.webdriver.common.selenium_manager - DEBUG - Required driver: chromedriver 142.0.7444.175
2025-11-24 14:51:26 - selenium.webdriver.common.selenium_manager - DEBUG - chromedriver 142.0.7444.175 already in the cache
2025-11-24 14:51:26 - selenium.webdriver.common.selenium_manager - DEBUG - Driver path: C:\Users\Mark Castro\.cache\selenium\chromedriver\win64\142.0.7444.175\chromedriver.exe
2025-11-24 14:51:26 - selenium.webdriver.common.selenium_manager - DEBUG - Browser path: C:\Program Files\Google\Chrome\Application\chrome.exe
2025-11-24 14:51:26 - selenium.webdriver.common.service - DEBUG - Started executable: `C:\Users\Mark Castro\.cache\selenium\chromedriver\win64\142.0.7444.175\chromedriver.exe` in a child process with pid: 12320 using 0 to output -3
2025-11-24 14:51:27 - selenium.webdriver.remote.remote_connection - DEBUG - POST http://localhost:61649/session {'capabilities': {'firstMatch': [{}], 'alwaysMatch': {'browserName': 'chrome', 'pageLoadStrategy': <PageLoadStrategy.normal: 'normal'>, 'browserVersion': None, 'goog:chromeOptions': {'prefs': {'download.default_directory': 'C:\\Users\\Mark Castro\\Documents\\CHEF_NOVARTIS\\downloads\\20251124_145117', 'download.prompt_for_download': False, 'download.directory_upgrade': True, 'plugins.always_open_pdf_externally': True, 'plugins.plugins_disabled': ['Chrome PDF Viewer']}, 'extensions': [], 'binary': 'C:\\Program Files\\Google\\Chrome\\Application\\chrome.exe', 'args': ['--no-sandbox', '--disable-dev-shm-usage', '--window-size=1920,1080']}}}}
2025-11-24 14:51:27 - urllib3.connectionpool - DEBUG - Starting new HTTP connection (1): localhost:61649
2025-11-24 14:51:28 - urllib3.connectionpool - DEBUG - http://localhost:61649 "POST /session HTTP/1.1" 200 0
2025-11-24 14:51:28 - selenium.webdriver.remote.remote_connection - DEBUG - Remote response: status=200 | data={"value":{"capabilities":{"acceptInsecureCerts":false,"browserName":"chrome","browserVersion":"142.0.7444.176","chrome":{"chromedriverVersion":"142.0.7444.175 (302067f14a4ea3f42001580e6101fa25ed343445-refs/branch-heads/7444@{#2749})","userDataDir":"C:\\Users\\MARKCA~1\\AppData\\Local\\Temp\\scoped_dir12320_982308821"},"fedcm:accounts":true,"goog:chromeOptions":{"debuggerAddress":"localhost:61655"},"goog:processID":1856,"networkConnectionEnabled":false,"pageLoadStrategy":"normal","platformName":"windows","proxy":{},"setWindowRect":true,"strictFileInteractability":false,"timeouts":{"implicit":0,"pageLoad":300000,"script":30000},"unhandledPromptBehavior":"dismiss and notify","webauthn:extension:credBlob":true,"webauthn:extension:largeBlob":true,"webauthn:extension:minPinLength":true,"webauthn:extension:prf":true,"webauthn:virtualAuthenticators":true},"sessionId":"1a94079ccc3cd74b688349030234d9d4"}} | headers=HTTPHeaderDict({'Content-Length': '908', 'Content-Type': 'application/json; charset=utf-8', 'cache-control': 'no-cache'})
2025-11-24 14:51:28 - selenium.webdriver.remote.remote_connection - DEBUG - Finished Request
2025-11-24 14:51:28 - selenium.webdriver.remote.remote_connection - DEBUG - POST http://localhost:61649/session/1a94079ccc3cd74b688349030234d9d4/timeouts {'pageLoad': 20000}
2025-11-24 14:51:28 - urllib3.connectionpool - DEBUG - http://localhost:61649 "POST /session/1a94079ccc3cd74b688349030234d9d4/timeouts HTTP/1.1" 200 0
2025-11-24 14:51:28 - selenium.webdriver.remote.remote_connection - DEBUG - Remote response: status=200 | data={"value":null} | headers=HTTPHeaderDict({'Content-Length': '14', 'Content-Type': 'application/json; charset=utf-8', 'cache-control': 'no-cache'})
2025-11-24 14:51:28 - selenium.webdriver.remote.remote_connection - DEBUG - Finished Request
2025-11-24 14:51:28 - scraper - INFO - Chrome driver initialized
2025-11-24 14:51:28 - scraper - INFO - Download directory: C:\Users\Mark Castro\Documents\CHEF_NOVARTIS\downloads\20251124_145117
2025-11-24 14:51:28 - scraper - INFO - Navigating to https://www.pensionskassen-novartis.ch/en/services/downloads
2025-11-24 14:51:28 - selenium.webdriver.remote.remote_connection - DEBUG - POST http://localhost:61649/session/1a94079ccc3cd74b688349030234d9d4/url {'url': 'https://www.pensionskassen-novartis.ch/en/services/downloads'}
2025-11-24 14:51:31 - urllib3.connectionpool - DEBUG - http://localhost:61649 "POST /session/1a94079ccc3cd74b688349030234d9d4/url HTTP/1.1" 200 0
2025-11-24 14:51:31 - selenium.webdriver.remote.remote_connection - DEBUG - Remote response: status=200 | data={"value":null} | headers=HTTPHeaderDict({'Content-Length': '14', 'Content-Type': 'application/json; charset=utf-8', 'cache-control': 'no-cache'})
2025-11-24 14:51:31 - selenium.webdriver.remote.remote_connection - DEBUG - Finished Request
2025-11-24 14:51:34 - scraper - INFO - Page loaded successfully
2025-11-24 14:51:34 - scraper - INFO - Handling cookie consent...
2025-11-24 14:51:34 - selenium.webdriver.remote.remote_connection - DEBUG - POST http://localhost:61649/session/1a94079ccc3cd74b688349030234d9d4/element {'using': 'css selector', 'value': 'button#CybotCookiebotDialogBodyLevelButtonLevelOptinAllowAll'}
2025-11-24 14:51:34 - urllib3.connectionpool - DEBUG - http://localhost:61649 "POST /session/1a94079ccc3cd74b688349030234d9d4/element HTTP/1.1" 200 0
2025-11-24 14:51:34 - selenium.webdriver.remote.remote_connection - DEBUG - Remote response: status=200 | data={"value":{"element-6066-11e4-a52e-4f735466cecf":"f.4B5ED3C9FA00CF129D27702F9656FACD.d.C837EF57A6606A1E2EB17055F00100E8.e.43"}} | headers=HTTPHeaderDict({'Content-Length': '126', 'Content-Type': 'application/json; charset=utf-8', 'cache-control': 'no-cache'})
2025-11-24 14:51:34 - selenium.webdriver.remote.remote_connection - DEBUG - Finished Request
2025-11-24 14:51:34 - selenium.webdriver.remote.remote_connection - DEBUG - POST http://localhost:61649/session/1a94079ccc3cd74b688349030234d9d4/execute/sync {'script': '/* isDisplayed */return (function(){return (function(){var g=this||self;\nfunction aa(a){var b=typeof...', 'args': [{'element-6066-11e4-a52e-4f735466cecf': 'f.4B5ED3C9FA00CF129D27702F9656FACD.d.C837EF57A6606A1E2EB17055F00100E8.e.43'}]}
2025-11-24 14:51:34 - urllib3.connectionpool - DEBUG - http://localhost:61649 "POST /session/1a94079ccc3cd74b688349030234d9d4/execute/sync HTTP/1.1" 200 0
2025-11-24 14:51:34 - selenium.webdriver.remote.remote_connection - DEBUG - Remote response: status=200 | data={"value":true} | headers=HTTPHeaderDict({'Content-Length': '14', 'Content-Type': 'application/json; charset=utf-8', 'cache-control': 'no-cache'})
2025-11-24 14:51:34 - selenium.webdriver.remote.remote_connection - DEBUG - Finished Request
2025-11-24 14:51:34 - selenium.webdriver.remote.remote_connection - DEBUG - GET http://localhost:61649/session/1a94079ccc3cd74b688349030234d9d4/element/f.4B5ED3C9FA00CF129D27702F9656FACD.d.C837EF57A6606A1E2EB17055F00100E8.e.43/enabled {}
2025-11-24 14:51:34 - urllib3.connectionpool - DEBUG - http://localhost:61649 "GET /session/1a94079ccc3cd74b688349030234d9d4/element/f.4B5ED3C9FA00CF129D27702F9656FACD.d.C837EF57A6606A1E2EB17055F00100E8.e.43/enabled HTTP/1.1" 200 0
2025-11-24 14:51:34 - selenium.webdriver.remote.remote_connection - DEBUG - Remote response: status=200 | data={"value":true} | headers=HTTPHeaderDict({'Content-Length': '14', 'Content-Type': 'application/json; charset=utf-8', 'cache-control': 'no-cache'})
2025-11-24 14:51:34 - selenium.webdriver.remote.remote_connection - DEBUG - Finished Request
2025-11-24 14:51:34 - scraper - INFO - Cookie consent dialog found
2025-11-24 14:51:34 - selenium.webdriver.remote.remote_connection - DEBUG - POST http://localhost:61649/session/1a94079ccc3cd74b688349030234d9d4/element/f.4B5ED3C9FA00CF129D27702F9656FACD.d.C837EF57A6606A1E2EB17055F00100E8.e.43/click {}
2025-11-24 14:51:34 - urllib3.connectionpool - DEBUG - http://localhost:61649 "POST /session/1a94079ccc3cd74b688349030234d9d4/element/f.4B5ED3C9FA00CF129D27702F9656FACD.d.C837EF57A6606A1E2EB17055F00100E8.e.43/click HTTP/1.1" 200 0
2025-11-24 14:51:34 - selenium.webdriver.remote.remote_connection - DEBUG - Remote response: status=200 | data={"value":null} | headers=HTTPHeaderDict({'Content-Length': '14', 'Content-Type': 'application/json; charset=utf-8', 'cache-control': 'no-cache'})
2025-11-24 14:51:34 - selenium.webdriver.remote.remote_connection - DEBUG - Finished Request
2025-11-24 14:51:36 - scraper - INFO - Cookie consent accepted
2025-11-24 14:51:36 - scraper - INFO - Scrolling to Annual Reports section...
2025-11-24 14:51:36 - selenium.webdriver.remote.remote_connection - DEBUG - POST http://localhost:61649/session/1a94079ccc3cd74b688349030234d9d4/element {'using': 'css selector', 'value': 'div#c7006'}
2025-11-24 14:51:36 - urllib3.connectionpool - DEBUG - http://localhost:61649 "POST /session/1a94079ccc3cd74b688349030234d9d4/element HTTP/1.1" 200 0
2025-11-24 14:51:36 - selenium.webdriver.remote.remote_connection - DEBUG - Remote response: status=200 | data={"value":{"element-6066-11e4-a52e-4f735466cecf":"f.4B5ED3C9FA00CF129D27702F9656FACD.d.C837EF57A6606A1E2EB17055F00100E8.e.44"}} | headers=HTTPHeaderDict({'Content-Length': '126', 'Content-Type': 'application/json; charset=utf-8', 'cache-control': 'no-cache'})
2025-11-24 14:51:36 - selenium.webdriver.remote.remote_connection - DEBUG - Finished Request
2025-11-24 14:51:36 - selenium.webdriver.remote.remote_connection - DEBUG - POST http://localhost:61649/session/1a94079ccc3cd74b688349030234d9d4/execute/sync {'script': "arguments[0].scrollIntoView({behavior: 'smooth', block: 'center'});", 'args': [{'element-6066-11e4-a52e-4f735466cecf': 'f.4B5ED3C9FA00CF129D27702F9656FACD.d.C837EF57A6606A1E2EB17055F00100E8.e.44'}]}
2025-11-24 14:51:36 - urllib3.connectionpool - DEBUG - http://localhost:61649 "POST /session/1a94079ccc3cd74b688349030234d9d4/execute/sync HTTP/1.1" 200 0
2025-11-24 14:51:36 - selenium.webdriver.remote.remote_connection - DEBUG - Remote response: status=200 | data={"value":null} | headers=HTTPHeaderDict({'Content-Length': '14', 'Content-Type': 'application/json; charset=utf-8', 'cache-control': 'no-cache'})
2025-11-24 14:51:36 - selenium.webdriver.remote.remote_connection - DEBUG - Finished Request
2025-11-24 14:51:37 - scraper - INFO - Scrolled to Annual Reports accordion
2025-11-24 14:51:37 - scraper - INFO - Expanding Annual Reports accordion...
2025-11-24 14:51:37 - selenium.webdriver.remote.remote_connection - DEBUG - POST http://localhost:61649/session/1a94079ccc3cd74b688349030234d9d4/element {'using': 'css selector', 'value': 'div#c7006 div.panel-heading'}
2025-11-24 14:51:37 - urllib3.connectionpool - DEBUG - http://localhost:61649 "POST /session/1a94079ccc3cd74b688349030234d9d4/element HTTP/1.1" 200 0
2025-11-24 14:51:37 - selenium.webdriver.remote.remote_connection - DEBUG - Remote response: status=200 | data={"value":{"element-6066-11e4-a52e-4f735466cecf":"f.4B5ED3C9FA00CF129D27702F9656FACD.d.C837EF57A6606A1E2EB17055F00100E8.e.45"}} | headers=HTTPHeaderDict({'Content-Length': '126', 'Content-Type': 'application/json; charset=utf-8', 'cache-control': 'no-cache'})
2025-11-24 14:51:37 - selenium.webdriver.remote.remote_connection - DEBUG - Finished Request
2025-11-24 14:51:37 - selenium.webdriver.remote.remote_connection - DEBUG - POST http://localhost:61649/session/1a94079ccc3cd74b688349030234d9d4/execute/sync {'script': '/* isDisplayed */return (function(){return (function(){var g=this||self;\nfunction aa(a){var b=typeof...', 'args': [{'element-6066-11e4-a52e-4f735466cecf': 'f.4B5ED3C9FA00CF129D27702F9656FACD.d.C837EF57A6606A1E2EB17055F00100E8.e.45'}]}
2025-11-24 14:51:37 - urllib3.connectionpool - DEBUG - http://localhost:61649 "POST /session/1a94079ccc3cd74b688349030234d9d4/execute/sync HTTP/1.1" 200 0
2025-11-24 14:51:37 - selenium.webdriver.remote.remote_connection - DEBUG - Remote response: status=200 | data={"value":true} | headers=HTTPHeaderDict({'Content-Length': '14', 'Content-Type': 'application/json; charset=utf-8', 'cache-control': 'no-cache'})
2025-11-24 14:51:37 - selenium.webdriver.remote.remote_connection - DEBUG - Finished Request
2025-11-24 14:51:37 - selenium.webdriver.remote.remote_connection - DEBUG - GET http://localhost:61649/session/1a94079ccc3cd74b688349030234d9d4/element/f.4B5ED3C9FA00CF129D27702F9656FACD.d.C837EF57A6606A1E2EB17055F00100E8.e.45/enabled {}
2025-11-24 14:51:37 - urllib3.connectionpool - DEBUG - http://localhost:61649 "GET /session/1a94079ccc3cd74b688349030234d9d4/element/f.4B5ED3C9FA00CF129D27702F9656FACD.d.C837EF57A6606A1E2EB17055F00100E8.e.45/enabled HTTP/1.1" 200 0
2025-11-24 14:51:37 - selenium.webdriver.remote.remote_connection - DEBUG - Remote response: status=200 | data={"value":true} | headers=HTTPHeaderDict({'Content-Length': '14', 'Content-Type': 'application/json; charset=utf-8', 'cache-control': 'no-cache'})
2025-11-24 14:51:37 - selenium.webdriver.remote.remote_connection - DEBUG - Finished Request
2025-11-24 14:51:37 - selenium.webdriver.remote.remote_connection - DEBUG - POST http://localhost:61649/session/1a94079ccc3cd74b688349030234d9d4/execute/sync {'script': '/* getAttribute */return (function(){return (function(){var d=this||self;function f(a,b){function c(...', 'args': [{'element-6066-11e4-a52e-4f735466cecf': 'f.4B5ED3C9FA00CF129D27702F9656FACD.d.C837EF57A6606A1E2EB17055F00100E8.e.45'}, 'class']}
2025-11-24 14:51:37 - urllib3.connectionpool - DEBUG - http://localhost:61649 "POST /session/1a94079ccc3cd74b688349030234d9d4/execute/sync HTTP/1.1" 200 0
2025-11-24 14:51:37 - selenium.webdriver.remote.remote_connection - DEBUG - Remote response: status=200 | data={"value":"panel-heading "} | headers=HTTPHeaderDict({'Content-Length': '26', 'Content-Type': 'application/json; charset=utf-8', 'cache-control': 'no-cache'})
2025-11-24 14:51:37 - selenium.webdriver.remote.remote_connection - DEBUG - Finished Request
2025-11-24 14:51:37 - selenium.webdriver.remote.remote_connection - DEBUG - POST http://localhost:61649/session/1a94079ccc3cd74b688349030234d9d4/element/f.4B5ED3C9FA00CF129D27702F9656FACD.d.C837EF57A6606A1E2EB17055F00100E8.e.45/click {}
2025-11-24 14:51:37 - urllib3.connectionpool - DEBUG - http://localhost:61649 "POST /session/1a94079ccc3cd74b688349030234d9d4/element/f.4B5ED3C9FA00CF129D27702F9656FACD.d.C837EF57A6606A1E2EB17055F00100E8.e.45/click HTTP/1.1" 200 0
2025-11-24 14:51:37 - selenium.webdriver.remote.remote_connection - DEBUG - Remote response: status=200 | data={"value":null} | headers=HTTPHeaderDict({'Content-Length': '14', 'Content-Type': 'application/json; charset=utf-8', 'cache-control': 'no-cache'})
2025-11-24 14:51:37 - selenium.webdriver.remote.remote_connection - DEBUG - Finished Request
2025-11-24 14:51:39 - scraper - INFO - Annual Reports accordion expanded
2025-11-24 14:51:39 - scraper - INFO - Extracting report links...
2025-11-24 14:51:39 - selenium.webdriver.remote.remote_connection - DEBUG - POST http://localhost:61649/session/1a94079ccc3cd74b688349030234d9d4/elements {'using': 'css selector', 'value': 'div#c7011 li'}
2025-11-24 14:51:39 - urllib3.connectionpool - DEBUG - http://localhost:61649 "POST /session/1a94079ccc3cd74b688349030234d9d4/elements HTTP/1.1" 200 0
2025-11-24 14:51:39 - selenium.webdriver.remote.remote_connection - DEBUG - Remote response: status=200 | data={"value":[{"element-6066-11e4-a52e-4f735466cecf":"f.4B5ED3C9FA00CF129D27702F9656FACD.d.C837EF57A6606A1E2EB17055F00100E8.e.61"},{"element-6066-11e4-a52e-4f735466cecf":"f.4B5ED3C9FA00CF129D27702F9656FACD.d.C837EF57A6606A1E2EB17055F00100E8.e.62"},{"element-6066-11e4-a52e-4f735466cecf":"f.4B5ED3C9FA00CF129D27702F9656FACD.d.C837EF57A6606A1E2EB17055F00100E8.e.63"},{"element-6066-11e4-a52e-4f735466cecf":"f.4B5ED3C9FA00CF129D27702F9656FACD.d.C837EF57A6606A1E2EB17055F00100E8.e.64"},{"element-6066-11e4-a52e-4f735466cecf":"f.4B5ED3C9FA00CF129D27702F9656FACD.d.C837EF57A6606A1E2EB17055F00100E8.e.65"}]} | headers=HTTPHeaderDict({'Content-Length': '596', 'Content-Type': 'application/json; charset=utf-8', 'cache-control': 'no-cache'})
2025-11-24 14:51:39 - selenium.webdriver.remote.remote_connection - DEBUG - Finished Request
2025-11-24 14:51:39 - scraper - INFO - Found 5 report entries
2025-11-24 14:51:39 - selenium.webdriver.remote.remote_connection - DEBUG - POST http://localhost:61649/session/1a94079ccc3cd74b688349030234d9d4/element/f.4B5ED3C9FA00CF129D27702F9656FACD.d.C837EF57A6606A1E2EB17055F00100E8.e.61/element {'using': 'tag name', 'value': 'a'}
2025-11-24 14:51:39 - urllib3.connectionpool - DEBUG - http://localhost:61649 "POST /session/1a94079ccc3cd74b688349030234d9d4/element/f.4B5ED3C9FA00CF129D27702F9656FACD.d.C837EF57A6606A1E2EB17055F00100E8.e.61/element HTTP/1.1" 200 0
2025-11-24 14:51:39 - selenium.webdriver.remote.remote_connection - DEBUG - Remote response: status=200 | data={"value":{"element-6066-11e4-a52e-4f735466cecf":"f.4B5ED3C9FA00CF129D27702F9656FACD.d.C837EF57A6606A1E2EB17055F00100E8.e.66"}} | headers=HTTPHeaderDict({'Content-Length': '126', 'Content-Type': 'application/json; charset=utf-8', 'cache-control': 'no-cache'})
2025-11-24 14:51:39 - selenium.webdriver.remote.remote_connection - DEBUG - Finished Request
2025-11-24 14:51:39 - selenium.webdriver.remote.remote_connection - DEBUG - POST http://localhost:61649/session/1a94079ccc3cd74b688349030234d9d4/execute/sync {'script': '/* getAttribute */return (function(){return (function(){var d=this||self;function f(a,b){function c(...', 'args': [{'element-6066-11e4-a52e-4f735466cecf': 'f.4B5ED3C9FA00CF129D27702F9656FACD.d.C837EF57A6606A1E2EB17055F00100E8.e.66'}, 'href']}
2025-11-24 14:51:39 - urllib3.connectionpool - DEBUG - http://localhost:61649 "POST /session/1a94079ccc3cd74b688349030234d9d4/execute/sync HTTP/1.1" 200 0
2025-11-24 14:51:39 - selenium.webdriver.remote.remote_connection - DEBUG - Remote response: status=200 | data={"value":"https://www.pensionskassen-novartis.ch/fileadmin/pkn/Jahresberichte/2024/E_Jahresbericht.pdf"} | headers=HTTPHeaderDict({'Content-Length': '104', 'Content-Type': 'application/json; charset=utf-8', 'cache-control': 'no-cache'})
2025-11-24 14:51:39 - selenium.webdriver.remote.remote_connection - DEBUG - Finished Request
2025-11-24 14:51:39 - selenium.webdriver.remote.remote_connection - DEBUG - POST http://localhost:61649/session/1a94079ccc3cd74b688349030234d9d4/element/f.4B5ED3C9FA00CF129D27702F9656FACD.d.C837EF57A6606A1E2EB17055F00100E8.e.66/element {'using': 'css selector', 'value': 'span.underline'}
2025-11-24 14:51:39 - urllib3.connectionpool - DEBUG - http://localhost:61649 "POST /session/1a94079ccc3cd74b688349030234d9d4/element/f.4B5ED3C9FA00CF129D27702F9656FACD.d.C837EF57A6606A1E2EB17055F00100E8.e.66/element HTTP/1.1" 200 0
2025-11-24 14:51:39 - selenium.webdriver.remote.remote_connection - DEBUG - Remote response: status=200 | data={"value":{"element-6066-11e4-a52e-4f735466cecf":"f.4B5ED3C9FA00CF129D27702F9656FACD.d.C837EF57A6606A1E2EB17055F00100E8.e.67"}} | headers=HTTPHeaderDict({'Content-Length': '126', 'Content-Type': 'application/json; charset=utf-8', 'cache-control': 'no-cache'})
2025-11-24 14:51:39 - selenium.webdriver.remote.remote_connection - DEBUG - Finished Request
2025-11-24 14:51:39 - selenium.webdriver.remote.remote_connection - DEBUG - GET http://localhost:61649/session/1a94079ccc3cd74b688349030234d9d4/element/f.4B5ED3C9FA00CF129D27702F9656FACD.d.C837EF57A6606A1E2EB17055F00100E8.e.67/text {}
2025-11-24 14:51:39 - urllib3.connectionpool - DEBUG - http://localhost:61649 "GET /session/1a94079ccc3cd74b688349030234d9d4/element/f.4B5ED3C9FA00CF129D27702F9656FACD.d.C837EF57A6606A1E2EB17055F00100E8.e.67/text HTTP/1.1" 200 0
2025-11-24 14:51:39 - selenium.webdriver.remote.remote_connection - DEBUG - Remote response: status=200 | data={"value":"Annual Report 2024"} | headers=HTTPHeaderDict({'Content-Length': '30', 'Content-Type': 'application/json; charset=utf-8', 'cache-control': 'no-cache'})
2025-11-24 14:51:39 - selenium.webdriver.remote.remote_connection - DEBUG - Finished Request
2025-11-24 14:51:39 - scraper - DEBUG - Found: 2024 - Annual Report 2024
2025-11-24 14:51:39 - selenium.webdriver.remote.remote_connection - DEBUG - POST http://localhost:61649/session/1a94079ccc3cd74b688349030234d9d4/element/f.4B5ED3C9FA00CF129D27702F9656FACD.d.C837EF57A6606A1E2EB17055F00100E8.e.62/element {'using': 'tag name', 'value': 'a'}
2025-11-24 14:51:39 - urllib3.connectionpool - DEBUG - http://localhost:61649 "POST /session/1a94079ccc3cd74b688349030234d9d4/element/f.4B5ED3C9FA00CF129D27702F9656FACD.d.C837EF57A6606A1E2EB17055F00100E8.e.62/element HTTP/1.1" 200 0
2025-11-24 14:51:39 - selenium.webdriver.remote.remote_connection - DEBUG - Remote response: status=200 | data={"value":{"element-6066-11e4-a52e-4f735466cecf":"f.4B5ED3C9FA00CF129D27702F9656FACD.d.C837EF57A6606A1E2EB17055F00100E8.e.68"}} | headers=HTTPHeaderDict({'Content-Length': '126', 'Content-Type': 'application/json; charset=utf-8', 'cache-control': 'no-cache'})
2025-11-24 14:51:39 - selenium.webdriver.remote.remote_connection - DEBUG - Finished Request
2025-11-24 14:51:39 - selenium.webdriver.remote.remote_connection - DEBUG - POST http://localhost:61649/session/1a94079ccc3cd74b688349030234d9d4/execute/sync {'script': '/* getAttribute */return (function(){return (function(){var d=this||self;function f(a,b){function c(...', 'args': [{'element-6066-11e4-a52e-4f735466cecf': 'f.4B5ED3C9FA00CF129D27702F9656FACD.d.C837EF57A6606A1E2EB17055F00100E8.e.68'}, 'href']}
2025-11-24 14:51:39 - urllib3.connectionpool - DEBUG - http://localhost:61649 "POST /session/1a94079ccc3cd74b688349030234d9d4/execute/sync HTTP/1.1" 200 0
2025-11-24 14:51:39 - selenium.webdriver.remote.remote_connection - DEBUG - Remote response: status=200 | data={"value":"https://www.pensionskassen-novartis.ch/fileadmin/pkn/Jahresberichte/2023/E_Jahresbericht.pdf"} | headers=HTTPHeaderDict({'Content-Length': '104', 'Content-Type': 'application/json; charset=utf-8', 'cache-control': 'no-cache'})
2025-11-24 14:51:39 - selenium.webdriver.remote.remote_connection - DEBUG - Finished Request
2025-11-24 14:51:39 - selenium.webdriver.remote.remote_connection - DEBUG - POST http://localhost:61649/session/1a94079ccc3cd74b688349030234d9d4/element/f.4B5ED3C9FA00CF129D27702F9656FACD.d.C837EF57A6606A1E2EB17055F00100E8.e.68/element {'using': 'css selector', 'value': 'span.underline'}
2025-11-24 14:51:39 - urllib3.connectionpool - DEBUG - http://localhost:61649 "POST /session/1a94079ccc3cd74b688349030234d9d4/element/f.4B5ED3C9FA00CF129D27702F9656FACD.d.C837EF57A6606A1E2EB17055F00100E8.e.68/element HTTP/1.1" 200 0
2025-11-24 14:51:39 - selenium.webdriver.remote.remote_connection - DEBUG - Remote response: status=200 | data={"value":{"element-6066-11e4-a52e-4f735466cecf":"f.4B5ED3C9FA00CF129D27702F9656FACD.d.C837EF57A6606A1E2EB17055F00100E8.e.69"}} | headers=HTTPHeaderDict({'Content-Length': '126', 'Content-Type': 'application/json; charset=utf-8', 'cache-control': 'no-cache'})
2025-11-24 14:51:39 - selenium.webdriver.remote.remote_connection - DEBUG - Finished Request
2025-11-24 14:51:39 - selenium.webdriver.remote.remote_connection - DEBUG - GET http://localhost:61649/session/1a94079ccc3cd74b688349030234d9d4/element/f.4B5ED3C9FA00CF129D27702F9656FACD.d.C837EF57A6606A1E2EB17055F00100E8.e.69/text {}
2025-11-24 14:51:39 - urllib3.connectionpool - DEBUG - http://localhost:61649 "GET /session/1a94079ccc3cd74b688349030234d9d4/element/f.4B5ED3C9FA00CF129D27702F9656FACD.d.C837EF57A6606A1E2EB17055F00100E8.e.69/text HTTP/1.1" 200 0
2025-11-24 14:51:39 - selenium.webdriver.remote.remote_connection - DEBUG - Remote response: status=200 | data={"value":"Annual Report 2023"} | headers=HTTPHeaderDict({'Content-Length': '30', 'Content-Type': 'application/json; charset=utf-8', 'cache-control': 'no-cache'})
2025-11-24 14:51:39 - selenium.webdriver.remote.remote_connection - DEBUG - Finished Request
2025-11-24 14:51:39 - scraper - DEBUG - Found: 2023 - Annual Report 2023
2025-11-24 14:51:39 - selenium.webdriver.remote.remote_connection - DEBUG - POST http://localhost:61649/session/1a94079ccc3cd74b688349030234d9d4/element/f.4B5ED3C9FA00CF129D27702F9656FACD.d.C837EF57A6606A1E2EB17055F00100E8.e.63/element {'using': 'tag name', 'value': 'a'}
2025-11-24 14:51:39 - urllib3.connectionpool - DEBUG - http://localhost:61649 "POST /session/1a94079ccc3cd74b688349030234d9d4/element/f.4B5ED3C9FA00CF129D27702F9656FACD.d.C837EF57A6606A1E2EB17055F00100E8.e.63/element HTTP/1.1" 200 0
2025-11-24 14:51:39 - selenium.webdriver.remote.remote_connection - DEBUG - Remote response: status=200 | data={"value":{"element-6066-11e4-a52e-4f735466cecf":"f.4B5ED3C9FA00CF129D27702F9656FACD.d.C837EF57A6606A1E2EB17055F00100E8.e.70"}} | headers=HTTPHeaderDict({'Content-Length': '126', 'Content-Type': 'application/json; charset=utf-8', 'cache-control': 'no-cache'})
2025-11-24 14:51:39 - selenium.webdriver.remote.remote_connection - DEBUG - Finished Request
2025-11-24 14:51:39 - selenium.webdriver.remote.remote_connection - DEBUG - POST http://localhost:61649/session/1a94079ccc3cd74b688349030234d9d4/execute/sync {'script': '/* getAttribute */return (function(){return (function(){var d=this||self;function f(a,b){function c(...', 'args': [{'element-6066-11e4-a52e-4f735466cecf': 'f.4B5ED3C9FA00CF129D27702F9656FACD.d.C837EF57A6606A1E2EB17055F00100E8.e.70'}, 'href']}
2025-11-24 14:51:39 - urllib3.connectionpool - DEBUG - http://localhost:61649 "POST /session/1a94079ccc3cd74b688349030234d9d4/execute/sync HTTP/1.1" 200 0
2025-11-24 14:51:39 - selenium.webdriver.remote.remote_connection - DEBUG - Remote response: status=200 | data={"value":"https://www.pensionskassen-novartis.ch/fileadmin/pkn/Jahresberichte/2022/E_Jahresbericht_2022.pdf"} | headers=HTTPHeaderDict({'Content-Length': '109', 'Content-Type': 'application/json; charset=utf-8', 'cache-control': 'no-cache'})
2025-11-24 14:51:39 - selenium.webdriver.remote.remote_connection - DEBUG - Finished Request
2025-11-24 14:51:39 - selenium.webdriver.remote.remote_connection - DEBUG - POST http://localhost:61649/session/1a94079ccc3cd74b688349030234d9d4/element/f.4B5ED3C9FA00CF129D27702F9656FACD.d.C837EF57A6606A1E2EB17055F00100E8.e.70/element {'using': 'css selector', 'value': 'span.underline'}
2025-11-24 14:51:39 - urllib3.connectionpool - DEBUG - http://localhost:61649 "POST /session/1a94079ccc3cd74b688349030234d9d4/element/f.4B5ED3C9FA00CF129D27702F9656FACD.d.C837EF57A6606A1E2EB17055F00100E8.e.70/element HTTP/1.1" 200 0
2025-11-24 14:51:39 - selenium.webdriver.remote.remote_connection - DEBUG - Remote response: status=200 | data={"value":{"element-6066-11e4-a52e-4f735466cecf":"f.4B5ED3C9FA00CF129D27702F9656FACD.d.C837EF57A6606A1E2EB17055F00100E8.e.71"}} | headers=HTTPHeaderDict({'Content-Length': '126', 'Content-Type': 'application/json; charset=utf-8', 'cache-control': 'no-cache'})
2025-11-24 14:51:39 - selenium.webdriver.remote.remote_connection - DEBUG - Finished Request
2025-11-24 14:51:39 - selenium.webdriver.remote.remote_connection - DEBUG - GET http://localhost:61649/session/1a94079ccc3cd74b688349030234d9d4/element/f.4B5ED3C9FA00CF129D27702F9656FACD.d.C837EF57A6606A1E2EB17055F00100E8.e.71/text {}
2025-11-24 14:51:39 - urllib3.connectionpool - DEBUG - http://localhost:61649 "GET /session/1a94079ccc3cd74b688349030234d9d4/element/f.4B5ED3C9FA00CF129D27702F9656FACD.d.C837EF57A6606A1E2EB17055F00100E8.e.71/text HTTP/1.1" 200 0
2025-11-24 14:51:39 - selenium.webdriver.remote.remote_connection - DEBUG - Remote response: status=200 | data={"value":"Annual Report 2022"} | headers=HTTPHeaderDict({'Content-Length': '30', 'Content-Type': 'application/json; charset=utf-8', 'cache-control': 'no-cache'})
2025-11-24 14:51:39 - selenium.webdriver.remote.remote_connection - DEBUG - Finished Request
2025-11-24 14:51:39 - scraper - DEBUG - Found: 2022 - Annual Report 2022
2025-11-24 14:51:39 - selenium.webdriver.remote.remote_connection - DEBUG - POST http://localhost:61649/session/1a94079ccc3cd74b688349030234d9d4/element/f.4B5ED3C9FA00CF129D27702F9656FACD.d.C837EF57A6606A1E2EB17055F00100E8.e.64/element {'using': 'tag name', 'value': 'a'}
2025-11-24 14:51:39 - urllib3.connectionpool - DEBUG - http://localhost:61649 "POST /session/1a94079ccc3cd74b688349030234d9d4/element/f.4B5ED3C9FA00CF129D27702F9656FACD.d.C837EF57A6606A1E2EB17055F00100E8.e.64/element HTTP/1.1" 200 0
2025-11-24 14:51:39 - selenium.webdriver.remote.remote_connection - DEBUG - Remote response: status=200 | data={"value":{"element-6066-11e4-a52e-4f735466cecf":"f.4B5ED3C9FA00CF129D27702F9656FACD.d.C837EF57A6606A1E2EB17055F00100E8.e.72"}} | headers=HTTPHeaderDict({'Content-Length': '126', 'Content-Type': 'application/json; charset=utf-8', 'cache-control': 'no-cache'})
2025-11-24 14:51:39 - selenium.webdriver.remote.remote_connection - DEBUG - Finished Request
2025-11-24 14:51:39 - selenium.webdriver.remote.remote_connection - DEBUG - POST http://localhost:61649/session/1a94079ccc3cd74b688349030234d9d4/execute/sync {'script': '/* getAttribute */return (function(){return (function(){var d=this||self;function f(a,b){function c(...', 'args': [{'element-6066-11e4-a52e-4f735466cecf': 'f.4B5ED3C9FA00CF129D27702F9656FACD.d.C837EF57A6606A1E2EB17055F00100E8.e.72'}, 'href']}
2025-11-24 14:51:39 - urllib3.connectionpool - DEBUG - http://localhost:61649 "POST /session/1a94079ccc3cd74b688349030234d9d4/execute/sync HTTP/1.1" 200 0
2025-11-24 14:51:39 - selenium.webdriver.remote.remote_connection - DEBUG - Remote response: status=200 | data={"value":"https://www.pensionskassen-novartis.ch/fileadmin/pkn/Jahresberichte/2021/E_Jahresbericht_2021.pdf"} | headers=HTTPHeaderDict({'Content-Length': '109', 'Content-Type': 'application/json; charset=utf-8', 'cache-control': 'no-cache'})
2025-11-24 14:51:39 - selenium.webdriver.remote.remote_connection - DEBUG - Finished Request
2025-11-24 14:51:39 - selenium.webdriver.remote.remote_connection - DEBUG - POST http://localhost:61649/session/1a94079ccc3cd74b688349030234d9d4/element/f.4B5ED3C9FA00CF129D27702F9656FACD.d.C837EF57A6606A1E2EB17055F00100E8.e.72/element {'using': 'css selector', 'value': 'span.underline'}
2025-11-24 14:51:39 - urllib3.connectionpool - DEBUG - http://localhost:61649 "POST /session/1a94079ccc3cd74b688349030234d9d4/element/f.4B5ED3C9FA00CF129D27702F9656FACD.d.C837EF57A6606A1E2EB17055F00100E8.e.72/element HTTP/1.1" 200 0
2025-11-24 14:51:39 - selenium.webdriver.remote.remote_connection - DEBUG - Remote response: status=200 | data={"value":{"element-6066-11e4-a52e-4f735466cecf":"f.4B5ED3C9FA00CF129D27702F9656FACD.d.C837EF57A6606A1E2EB17055F00100E8.e.73"}} | headers=HTTPHeaderDict({'Content-Length': '126', 'Content-Type': 'application/json; charset=utf-8', 'cache-control': 'no-cache'})
2025-11-24 14:51:39 - selenium.webdriver.remote.remote_connection - DEBUG - Finished Request
2025-11-24 14:51:39 - selenium.webdriver.remote.remote_connection - DEBUG - GET http://localhost:61649/session/1a94079ccc3cd74b688349030234d9d4/element/f.4B5ED3C9FA00CF129D27702F9656FACD.d.C837EF57A6606A1E2EB17055F00100E8.e.73/text {}
2025-11-24 14:51:39 - urllib3.connectionpool - DEBUG - http://localhost:61649 "GET /session/1a94079ccc3cd74b688349030234d9d4/element/f.4B5ED3C9FA00CF129D27702F9656FACD.d.C837EF57A6606A1E2EB17055F00100E8.e.73/text HTTP/1.1" 200 0
2025-11-24 14:51:39 - selenium.webdriver.remote.remote_connection - DEBUG - Remote response: status=200 | data={"value":"Annual Report 2021"} | headers=HTTPHeaderDict({'Content-Length': '30', 'Content-Type': 'application/json; charset=utf-8', 'cache-control': 'no-cache'})
2025-11-24 14:51:39 - selenium.webdriver.remote.remote_connection - DEBUG - Finished Request
2025-11-24 14:51:39 - scraper - DEBUG - Found: 2021 - Annual Report 2021
2025-11-24 14:51:39 - selenium.webdriver.remote.remote_connection - DEBUG - POST http://localhost:61649/session/1a94079ccc3cd74b688349030234d9d4/element/f.4B5ED3C9FA00CF129D27702F9656FACD.d.C837EF57A6606A1E2EB17055F00100E8.e.65/element {'using': 'tag name', 'value': 'a'}
2025-11-24 14:51:39 - urllib3.connectionpool - DEBUG - http://localhost:61649 "POST /session/1a94079ccc3cd74b688349030234d9d4/element/f.4B5ED3C9FA00CF129D27702F9656FACD.d.C837EF57A6606A1E2EB17055F00100E8.e.65/element HTTP/1.1" 200 0
2025-11-24 14:51:39 - selenium.webdriver.remote.remote_connection - DEBUG - Remote response: status=200 | data={"value":{"element-6066-11e4-a52e-4f735466cecf":"f.4B5ED3C9FA00CF129D27702F9656FACD.d.C837EF57A6606A1E2EB17055F00100E8.e.74"}} | headers=HTTPHeaderDict({'Content-Length': '126', 'Content-Type': 'application/json; charset=utf-8', 'cache-control': 'no-cache'})
2025-11-24 14:51:39 - selenium.webdriver.remote.remote_connection - DEBUG - Finished Request
2025-11-24 14:51:39 - selenium.webdriver.remote.remote_connection - DEBUG - POST http://localhost:61649/session/1a94079ccc3cd74b688349030234d9d4/execute/sync {'script': '/* getAttribute */return (function(){return (function(){var d=this||self;function f(a,b){function c(...', 'args': [{'element-6066-11e4-a52e-4f735466cecf': 'f.4B5ED3C9FA00CF129D27702F9656FACD.d.C837EF57A6606A1E2EB17055F00100E8.e.74'}, 'href']}
2025-11-24 14:51:39 - urllib3.connectionpool - DEBUG - http://localhost:61649 "POST /session/1a94079ccc3cd74b688349030234d9d4/execute/sync HTTP/1.1" 200 0
2025-11-24 14:51:39 - selenium.webdriver.remote.remote_connection - DEBUG - Remote response: status=200 | data={"value":"https://www.pensionskassen-novartis.ch/fileadmin/pkn/Jahresberichte/2020/E_Jahresbericht_2020.pdf"} | headers=HTTPHeaderDict({'Content-Length': '109', 'Content-Type': 'application/json; charset=utf-8', 'cache-control': 'no-cache'})
2025-11-24 14:51:39 - selenium.webdriver.remote.remote_connection - DEBUG - Finished Request
2025-11-24 14:51:39 - selenium.webdriver.remote.remote_connection - DEBUG - POST http://localhost:61649/session/1a94079ccc3cd74b688349030234d9d4/element/f.4B5ED3C9FA00CF129D27702F9656FACD.d.C837EF57A6606A1E2EB17055F00100E8.e.74/element {'using': 'css selector', 'value': 'span.underline'}
2025-11-24 14:51:39 - urllib3.connectionpool - DEBUG - http://localhost:61649 "POST /session/1a94079ccc3cd74b688349030234d9d4/element/f.4B5ED3C9FA00CF129D27702F9656FACD.d.C837EF57A6606A1E2EB17055F00100E8.e.74/element HTTP/1.1" 200 0
2025-11-24 14:51:39 - selenium.webdriver.remote.remote_connection - DEBUG - Remote response: status=200 | data={"value":{"element-6066-11e4-a52e-4f735466cecf":"f.4B5ED3C9FA00CF129D27702F9656FACD.d.C837EF57A6606A1E2EB17055F00100E8.e.75"}} | headers=HTTPHeaderDict({'Content-Length': '126', 'Content-Type': 'application/json; charset=utf-8', 'cache-control': 'no-cache'})
2025-11-24 14:51:39 - selenium.webdriver.remote.remote_connection - DEBUG - Finished Request
2025-11-24 14:51:39 - selenium.webdriver.remote.remote_connection - DEBUG - GET http://localhost:61649/session/1a94079ccc3cd74b688349030234d9d4/element/f.4B5ED3C9FA00CF129D27702F9656FACD.d.C837EF57A6606A1E2EB17055F00100E8.e.75/text {}
2025-11-24 14:51:39 - urllib3.connectionpool - DEBUG - http://localhost:61649 "GET /session/1a94079ccc3cd74b688349030234d9d4/element/f.4B5ED3C9FA00CF129D27702F9656FACD.d.C837EF57A6606A1E2EB17055F00100E8.e.75/text HTTP/1.1" 200 0
2025-11-24 14:51:39 - selenium.webdriver.remote.remote_connection - DEBUG - Remote response: status=200 | data={"value":"Annual Report 2020"} | headers=HTTPHeaderDict({'Content-Length': '30', 'Content-Type': 'application/json; charset=utf-8', 'cache-control': 'no-cache'})
2025-11-24 14:51:39 - selenium.webdriver.remote.remote_connection - DEBUG - Finished Request
2025-11-24 14:51:39 - scraper - DEBUG - Found: 2020 - Annual Report 2020
2025-11-24 14:51:39 - scraper - INFO - Extracted 5 valid report links
2025-11-24 14:51:39 - scraper - INFO - Mode: Latest year - 2024
2025-11-24 14:51:39 - scraper - INFO - Downloading 2024 - Annual Report 2024
2025-11-24 14:51:39 - urllib3.connectionpool - DEBUG - Starting new HTTPS connection (1): www.pensionskassen-novartis.ch:443
2025-11-24 14:51:41 - urllib3.connectionpool - DEBUG - https://www.pensionskassen-novartis.ch:443 "GET /fileadmin/pkn/Jahresberichte/2024/E_Jahresbericht.pdf HTTP/1.1" 200 3694075
2025-11-24 14:52:16 - scraper - ERROR - Download failed for 2024: ('Connection broken: IncompleteRead(3244032 bytes read, 450043 more expected)', IncompleteRead(3244032 bytes read, 450043 more expected))
2025-11-24 14:52:17 - selenium.webdriver.remote.remote_connection - DEBUG - DELETE http://localhost:61649/session/1a94079ccc3cd74b688349030234d9d4 {}
2025-11-24 14:52:17 - urllib3.connectionpool - DEBUG - http://localhost:61649 "DELETE /session/1a94079ccc3cd74b688349030234d9d4 HTTP/1.1" 200 0
2025-11-24 14:52:17 - selenium.webdriver.remote.remote_connection - DEBUG - Remote response: status=200 | data={"value":null} | headers=HTTPHeaderDict({'Content-Length': '14', 'Content-Type': 'application/json; charset=utf-8', 'cache-control': 'no-cache'})
2025-11-24 14:52:17 - selenium.webdriver.remote.remote_connection - DEBUG - Finished Request
2025-11-24 14:52:19 - scraper - INFO - Browser closed
2025-11-24 14:52:19 - __main__ - ERROR - No files were downloaded
